/index.php
/controller/css load fail.
2019-10-24 14:28:42
::1

/index.php
/controller/css load fail.
2019-10-24 14:28:47
::1

/index.php
/controller/css load fail.
2019-10-24 14:29:37
::1

/index.php
/controller/css load fail.
2019-10-24 14:31:43
::1

/index.php
/controller/css load fail.
2019-10-24 14:32:29
::1

/index.php
/controller/css load fail.
2019-10-24 14:32:47
127.0.0.1

/index.php
/controller/css load fail.
2019-10-24 14:33:04
127.0.0.1

/index.php
/controller/img load fail.
2019-10-24 14:33:51
127.0.0.1

/index.php
/controller/css load fail.
2019-10-24 14:33:51
127.0.0.1

/index.php
/controller/img load fail.
2019-10-24 14:33:51
127.0.0.1

/index.php
/controller/img load fail.
2019-10-24 14:33:51
127.0.0.1

/index.php
/controller/img load fail.
2019-10-24 14:33:51
127.0.0.1

/index.php
/controller/img load fail.
2019-10-24 14:33:51
127.0.0.1

/index.php
/controller/img load fail.
2019-10-24 14:33:51
127.0.0.1

/index.php
/controller/img load fail.
2019-10-24 14:33:51
127.0.0.1

/index.php
/controller/img load fail.
2019-10-24 14:33:51
127.0.0.1

/index.php
/controller/img load fail.
2019-10-24 14:33:51
127.0.0.1

/index.php
/controller/img load fail.
2019-10-24 14:33:51
127.0.0.1

/index.php
/controller/img load fail.
2019-10-24 14:33:51
127.0.0.1

/index.php
/controller/img load fail.
2019-10-24 14:33:51
127.0.0.1

/index.php
/controller/img load fail.
2019-10-24 14:33:51
127.0.0.1

/index.php
/controller/img load fail.
2019-10-24 14:33:51
127.0.0.1

/index.php
/controller/img load fail.
2019-10-24 14:33:51
127.0.0.1

/index.php
/controller/img load fail.
2019-10-24 14:33:51
127.0.0.1

/index.php
/controller/img load fail.
2019-10-24 14:33:51
127.0.0.1

/index.php
/controller/img load fail.
2019-10-24 14:33:51
127.0.0.1

/index.php
/controller/img load fail.
2019-10-24 14:33:51
127.0.0.1

/index.php
/controller/img load fail.
2019-10-24 14:33:52
127.0.0.1

/index.php
/controller/img load fail.
2019-10-24 14:33:52
127.0.0.1

/index.php
/controller/img load fail.
2019-10-24 14:33:52
127.0.0.1

/index.php
/controller/img load fail.
2019-10-24 14:33:52
127.0.0.1

/index.php
/controller/img load fail.
2019-10-24 14:33:52
127.0.0.1

/index.php
/controller/img load fail.
2019-10-24 14:33:56
127.0.0.1

/index.php
/controller/img load fail.
2019-10-24 14:33:56
127.0.0.1

/index.php
/controller/img load fail.
2019-10-24 14:33:56
127.0.0.1

/index.php
/controller/img load fail.
2019-10-24 14:33:56
127.0.0.1

/index.php
/controller/img load fail.
2019-10-24 14:33:56
127.0.0.1

/index.php
/controller/img load fail.
2019-10-24 14:33:56
127.0.0.1

/index.php
/controller/img load fail.
2019-10-24 14:33:56
127.0.0.1

/index.php
/controller/img load fail.
2019-10-24 14:33:56
127.0.0.1

/index.php
/controller/img load fail.
2019-10-24 14:33:56
127.0.0.1

/index.php
/controller/img load fail.
2019-10-24 14:33:56
127.0.0.1

/index.php
/controller/img load fail.
2019-10-24 14:33:56
127.0.0.1

/index.php
/controller/img load fail.
2019-10-24 14:33:56
127.0.0.1

/index.php
/controller/img load fail.
2019-10-24 14:33:56
127.0.0.1

/index.php
/controller/img load fail.
2019-10-24 14:33:56
127.0.0.1

/index.php
/controller/img load fail.
2019-10-24 14:33:56
127.0.0.1

/index.php
/controller/img load fail.
2019-10-24 14:33:56
127.0.0.1

/index.php
/controller/img load fail.
2019-10-24 14:33:56
127.0.0.1

/index.php
/controller/img load fail.
2019-10-24 14:33:56
127.0.0.1

/index.php
/controller/img load fail.
2019-10-24 14:33:56
127.0.0.1

/index.php
/controller/img load fail.
2019-10-24 14:33:56
127.0.0.1

/index.php
/controller/img load fail.
2019-10-24 14:33:56
127.0.0.1

/index.php
/controller/css load fail.
2019-10-24 14:33:56
127.0.0.1

/index.php
/controller/img load fail.
2019-10-24 14:33:57
127.0.0.1

/index.php
/controller/img load fail.
2019-10-24 14:33:57
127.0.0.1

/index.php
/controller/img load fail.
2019-10-24 14:33:57
127.0.0.1

/index.php
/controller/img load fail.
2019-10-24 14:34:16
127.0.0.1

/index.php
/controller/img load fail.
2019-10-24 14:34:16
127.0.0.1

/index.php
/controller/img load fail.
2019-10-24 14:34:16
127.0.0.1

/index.php
/controller/img load fail.
2019-10-24 14:34:16
127.0.0.1

/index.php
/controller/img load fail.
2019-10-24 14:34:16
127.0.0.1

/index.php
/controller/css load fail.
2019-10-24 14:34:16
127.0.0.1

/index.php
/controller/img load fail.
2019-10-24 14:34:16
127.0.0.1

/index.php
/controller/img load fail.
2019-10-24 14:34:16
127.0.0.1

/index.php
/controller/img load fail.
2019-10-24 14:34:16
127.0.0.1

/index.php
/controller/img load fail.
2019-10-24 14:34:16
127.0.0.1

/index.php
/controller/img load fail.
2019-10-24 14:34:16
127.0.0.1

/index.php
/controller/img load fail.
2019-10-24 14:34:16
127.0.0.1

/index.php
/controller/img load fail.
2019-10-24 14:34:16
127.0.0.1

/index.php
/controller/img load fail.
2019-10-24 14:34:16
127.0.0.1

/index.php
/controller/img load fail.
2019-10-24 14:34:16
127.0.0.1

/index.php
/controller/img load fail.
2019-10-24 14:34:16
127.0.0.1

/index.php
/controller/img load fail.
2019-10-24 14:34:16
127.0.0.1

/index.php
/controller/img load fail.
2019-10-24 14:34:16
127.0.0.1

/index.php
/controller/img load fail.
2019-10-24 14:34:16
127.0.0.1

/index.php
/controller/img load fail.
2019-10-24 14:34:16
127.0.0.1

/index.php
/controller/img load fail.
2019-10-24 14:34:17
127.0.0.1

/index.php
/controller/img load fail.
2019-10-24 14:34:17
127.0.0.1

/index.php
/controller/img load fail.
2019-10-24 14:34:17
127.0.0.1

/index.php
/controller/img load fail.
2019-10-24 14:34:17
127.0.0.1

/index.php
/controller/img load fail.
2019-10-24 14:34:17
127.0.0.1

/index.php
/controller/img load fail.
2019-10-24 14:34:19
127.0.0.1

/index.php
/controller/css load fail.
2019-10-24 14:34:42
127.0.0.1

/index.php
/controller/css load fail.
2019-10-24 14:35:00
127.0.0.1

/index.php
/controller/css load fail.
2019-10-24 14:35:35
127.0.0.1

/index.php
/controller/css load fail.
2019-10-24 14:36:08
127.0.0.1

/index.php
/controller/demo load fail.
2019-10-24 14:36:27
127.0.0.1

/index.php
/controller/css load fail.
2019-10-24 14:36:29
127.0.0.1

/index.php
/controller/css load fail.
2019-10-24 14:36:31
127.0.0.1

/index.php
/controller/script load fail.
2019-10-24 14:36:32
127.0.0.1

/index.php
/controller/css load fail.
2019-10-24 14:36:36
127.0.0.1

/index.php
/controller/css load fail.
2019-10-24 14:43:19
127.0.0.1

/index.php
/controller/css load fail.
2019-10-24 15:09:00
117.25.33.16

/index.php
/controller/css load fail.
2019-10-24 15:10:44
117.25.33.16

/index.php
/controller/css load fail.
2019-10-24 15:23:14
117.25.33.16

/index.php
/controller/com load fail.
2019-10-24 23:12:07
45.195.84.229

/index.php
/controller/com load fail.
2019-10-24 23:23:38
45.195.84.229

