{"errorcode":"0000","errormessage":"OK","context":"YW1vdW50PTImYXBwX2lkPTIwMTgwMTI5MjI1NjA5JnBheV91cmw9YUhSMGNITTZMeTkzZDNjdWVXVmxjR0Y1TG1OdmJTOWhjSEF0YldWeVkyaGhiblF0Y0hKdmVIa3ZibTlrWlQ5b2JXRmpQVE0wTmpnMFptUTNNVFl6TlRCaE5HRTNNV0k0WVRJMU0yUTNOemMyT1dVNEpuQXdYME50WkQxQ2RYa21jREZmVFdWeVNXUTlNVEF3TVRjM01qSTROREVtY0RKZlQzSmtaWEk5TWpBeE9EQXhNamt3TVRBeE1ESTFPU1p3TTE5QmJYUTlNQzR3TWlad05GOURkWEk5UTA1WkpuQTRYMVZ5YkQxb2RIUndPaTh2ZDNkM0xtaGxiR3h2TG1OdmJXMHZjM1ZqWTJWemN5NW9kRzBtY0dKZlUyVnlkbVZ5VG05MGFXWjVWWEpzUFdoMGRIQTZMeTkzZDNjdWVXbDBhV0Z1YldGdkxtTnZiUzlqWjJrdFltbHVMM2xpWDJkaGRHVjNZWGxmYm05MGFXWjVMbU5uYVNad2NsOU9aV1ZrVW1WemNHOXVjMlU5TVEmdHJhbnNfaWQ9MjAxODAxMjkwMTAxMDI1OQ","signature":"DA9E69EED0DD5F74"}

{"errorcode":"0000","errormessage":"OK","context":"YW1vdW50PTImYXBwX2lkPTIwMTgwMTI5MjI1NjI0JnBheV91cmw9YUhSMGNITTZMeTkzZDNjdWVXVmxjR0Y1TG1OdmJTOWhjSEF0YldWeVkyaGhiblF0Y0hKdmVIa3ZibTlrWlQ5b2JXRmpQVGszWkRnM05EWXhZamsxT0dObFptTmtNbVJqTmpCaVkyVmhOamRtTmpnM0puQXdYME50WkQxQ2RYa21jREZmVFdWeVNXUTlNVEF3TVRjM01qSTROREVtY0RKZlQzSmtaWEk5TWpBeE9EQXhNamt3TVRBeE1ESTJNQ1p3TTE5QmJYUTlNQzR3TWlad05GOURkWEk5UTA1WkpuQTRYMVZ5YkQxb2RIUndPaTh2ZDNkM0xtaGxiR3h2TG1OdmJXMHZjM1ZqWTJWemN5NW9kRzBtY0dKZlUyVnlkbVZ5VG05MGFXWjVWWEpzUFdoMGRIQTZMeTkzZDNjdWVXbDBhV0Z1YldGdkxtTnZiUzlqWjJrdFltbHVMM2xpWDJkaGRHVjNZWGxmYm05MGFXWjVMbU5uYVNad2NsOU9aV1ZrVW1WemNHOXVjMlU5TVEmdHJhbnNfaWQ9MjAxODAxMjkwMTAxMDI2MA","signature":"E2A2DC984645D279"}

{"errorcode":"3003","errormessage":"查询通道号失败"}

{"errorcode":"3329","errormessage":"签名验证不通过"}

{"errorcode":"0000","errormessage":"OK","context":"YW1vdW50PTImYXBwX2lkPTIwMTgwMTI5MjMwMDU1JnBheV91cmw9YUhSMGNITTZMeTkzZDNjdWVXVmxjR0Y1TG1OdmJTOWhjSEF0YldWeVkyaGhiblF0Y0hKdmVIa3ZibTlrWlQ5b2JXRmpQV1F4WkRreU0yWTNNREF5Wm1VM016UTJOelppWWpsaVkySXhNekl5TkRWbUpuQXdYME50WkQxQ2RYa21jREZmVFdWeVNXUTlNVEF3TVRjM01qSTROREVtY0RKZlQzSmtaWEk5TWpBeE9EQXhNamt3TVRBeE1ESTJNeVp3TTE5QmJYUTlNQzR3TWlad05GOURkWEk5UTA1WkpuQTRYMVZ5YkQxb2RIUndPaTh2ZDNkM0xtaGxiR3h2TG1OdmJXMHZjM1ZqWTJWemN5NW9kRzBtY0dKZlUyVnlkbVZ5VG05MGFXWjVWWEpzUFdoMGRIQTZMeTkzZDNjdWVXbDBhV0Z1YldGdkxtTnZiUzlqWjJrdFltbHVMM2xpWDJkaGRHVjNZWGxmYm05MGFXWjVMbU5uYVNad2NsOU9aV1ZrVW1WemNHOXVjMlU5TVEmdHJhbnNfaWQ9MjAxODAxMjkwMTAxMDI2Mw","signature":"1838BDCEFDAE45DA"}

{"errorcode":"3003","errormessage":"查询通道号失败"}

{"errorcode":"3326","errormessage":"渠道不支持此交易"}

{"errorcode":"3003","errormessage":"查询通道号失败"}

{"errorcode":"3003","errormessage":"查询通道号失败"}

{"errorcode":"3003","errormessage":"查询通道号失败"}

{"errorcode":"3003","errormessage":"查询通道号失败"}

{"errorcode":"3003","errormessage":"查询通道号失败"}

{"errorcode":"3003","errormessage":"查询通道号失败"}

{"errorcode":"3003","errormessage":"查询通道号失败"}

{"errorcode":"3003","errormessage":"查询通道号失败"}

{"errorcode":"3003","errormessage":"查询通道号失败"}

{"errorcode":"3003","errormessage":"查询通道号失败"}

{"errorcode":"3003","errormessage":"查询通道号失败"}

{"errorcode":"0000","errormessage":"OK","context":"YW1vdW50PTImYXBwX2lkPTIwMTgwMTMwMTIwNTM2JnBheV91cmw9YUhSMGNITTZMeTkzZDNjdWVXVmxjR0Y1TG1OdmJTOWhjSEF0YldWeVkyaGhiblF0Y0hKdmVIa3ZibTlrWlQ5b2JXRmpQVE5tTUdObE5qSmtZbUV5WXprNE5HUTNORGxrTlRreE5UWTBNRGsyTVRFMUpuQXdYME50WkQxQ2RYa21jREZmVFdWeVNXUTlNVEF3TVRjM01qSTROREVtY0RKZlQzSmtaWEk5TWpBeE9EQXhNekF3TVRBeE1EUXhNU1p3TTE5QmJYUTlNQzR3TWlad05GOURkWEk5UTA1WkpuQTRYMVZ5YkQxb2RIUndPaTh2ZDNkM0xtaGxiR3h2TG1OdmJXMHZjM1ZqWTJWemN5NW9kRzBtY0dKZlUyVnlkbVZ5VG05MGFXWjVWWEpzUFdoMGRIQTZMeTkzZDNjdWVXbDBhV0Z1YldGdkxtTnZiUzlqWjJrdFltbHVMM2xpWDJkaGRHVjNZWGxmYm05MGFXWjVMbU5uYVNad2NsOU9aV1ZrVW1WemNHOXVjMlU5TVEmdHJhbnNfaWQ9MjAxODAxMzAwMTAxMDQxMQ","signature":"23C72525F4D51B68"}

{"errorcode":"3326","errormessage":"渠道不支持此交易"}

{"errorcode":"3326","errormessage":"terminal_ip不能为空"}

{"errorcode":"3326","errormessage":"terminal_ip不能为空"}

{"errorcode":"3326","errormessage":"terminal_ip不能为空"}

{"errorcode":"3008","errormessage":"支付方式错误"}

{"errorcode":"0000","errormessage":"OK","context":"YW1vdW50PTIwMCZhcHBfaWQ9MjAxODAxMzAyMzMwNDcmcGF5X3VybD1hSFIwY0RvdkwyOTJaWEpoYkd3dWEyVm1kWEJoZVM1amJpOWhibDl3WVhrdlkyOXVjM1Z0WlM1aFkzUnBiMjRfYjNKa1pYSmZibTg5WVc0eU1ERTRNREV6TURJek16QTBPVFEyTlRVME9ESXdOalE0T1RBJnRyYW5zX2lkPTIwMTgwMTMwMDEwMTA2MzAmdXJsX3R5cGU9MQ","signature":"C607D3121DA5AFDE"}

{"errorcode":"0000","errormessage":"OK","context":"YW1vdW50PTIwMCZhcHBfaWQ9MjAxODAxMzAyMzMyNDMmcGF5X3VybD1hSFIwY0RvdkwyOTJaWEpoYkd3dWEyVm1kWEJoZVM1amJpOWhibDl3WVhrdlkyOXVjM1Z0WlM1aFkzUnBiMjRfYjNKa1pYSmZibTg5WVc0eU1ERTRNREV6TURJek16STBOVGc1T1RFM05EQXdOalE0T1RBJnRyYW5zX2lkPTIwMTgwMTMwMDEwMTA2MzEmdXJsX3R5cGU9MQ","signature":"287226B2813EB1F0"}

{"errorcode":"0000","errormessage":"OK","context":"YW1vdW50PTIwMCZhcHBfaWQ9MjAxODAxMzAyMzMzMDgmcGF5X3VybD1hSFIwY0RvdkwyOTJaWEpoYkd3dWEyVm1kWEJoZVM1amJpOWhibDl3WVhrdlkyOXVjM1Z0WlM1aFkzUnBiMjRfYjNKa1pYSmZibTg5WVc0eU1ERTRNREV6TURJek16TXhNRE0yTlRZNU56a3dOalE0T1RBJnRyYW5zX2lkPTIwMTgwMTMwMDEwMTA2MzImdXJsX3R5cGU9MQ","signature":"D7CD6E1A034777BA"}

{"errorcode":"0000","errormessage":"OK","context":"YW1vdW50PTIwMCZhcHBfaWQ9MjAxODAxMzAyMzM0MTgmcGF5X3VybD1hSFIwY0RvdkwyOTJaWEpoYkd3dWEyVm1kWEJoZVM1amJpOWhibDl3WVhrdlkyOXVjM1Z0WlM1aFkzUnBiMjRfYjNKa1pYSmZibTg5WVc0eU1ERTRNREV6TURJek16UXlNVEF5TXpneE56UXdOalE0T1RBJnRyYW5zX2lkPTIwMTgwMTMwMDEwMTA2MzMmdXJsX3R5cGU9MQ","signature":"EFF6B3949D72D54D"}

{"errorcode":"0000","errormessage":"OK","context":"YW1vdW50PTIwMCZhcHBfaWQ9MjAxODAxMzAyMzM3MTYmcGF5X3VybD1hSFIwY0RvdkwyOTJaWEpoYkd3dWEyVm1kWEJoZVM1amJpOWhibDl3WVhrdlkyOXVjM1Z0WlM1aFkzUnBiMjRfYjNKa1pYSmZibTg5WVc0eU1ERTRNREV6TURJek16Y3hPRGd3TWpZMU1EVXdOalE0T1RBJnRyYW5zX2lkPTIwMTgwMTMwMDEwMTA2MzUmdXJsX3R5cGU9MQ","signature":"3A5BEDBAA593D545"}

{"errorcode":"0000","errormessage":"OK","context":"YW1vdW50PTIwMCZhcHBfaWQ9MjAxODAxMzAyMzM3MjEmcGF5X3VybD1hSFIwY0RvdkwyOTJaWEpoYkd3dWEyVm1kWEJoZVM1amJpOWhibDl3WVhrdlkyOXVjM1Z0WlM1aFkzUnBiMjRfYjNKa1pYSmZibTg5WVc0eU1ERTRNREV6TURJek16Y3lNek01TkRZNU9UQXdOalE0T1RBJnRyYW5zX2lkPTIwMTgwMTMwMDEwMTA2MzYmdXJsX3R5cGU9MQ","signature":"73BFA761A4346655"}

{"errorcode":"0000","errormessage":"OK","context":"YW1vdW50PTIwMCZhcHBfaWQ9MjAxODAxMzAyMzM4MzMmcGF5X3VybD1hSFIwY0RvdkwyOTJaWEpoYkd3dWEyVm1kWEJoZVM1amJpOWhibDl3WVhrdlkyOXVjM1Z0WlM1aFkzUnBiMjRfYjNKa1pYSmZibTg5WVc0eU1ERTRNREV6TURJek16Z3pOVFV6TURjek5URXdOalE0T1RBJnRyYW5zX2lkPTIwMTgwMTMwMDEwMTA2MzcmdXJsX3R5cGU9MQ","signature":"E02B90E1944B6F89"}

{"errorcode":"0000","errormessage":"OK","context":"YW1vdW50PTIwMCZhcHBfaWQ9MjAxODAxMzAyMzM4NDkmcGF5X3VybD1hSFIwY0RvdkwyOTJaWEpoYkd3dWEyVm1kWEJoZVM1amJpOWhibDl3WVhrdlkyOXVjM1Z0WlM1aFkzUnBiMjRfYjNKa1pYSmZibTg5WVc0eU1ERTRNREV6TURJek16ZzFNVFU0T0RBeU9EZ3dOalE0T1RBJnRyYW5zX2lkPTIwMTgwMTMwMDEwMTA2MzgmdXJsX3R5cGU9MQ","signature":"26B87CC9BC10563A"}

{"errorcode":"0000","errormessage":"OK","context":"YW1vdW50PTIwMCZhcHBfaWQ9MjAxODAxMzAyMzM5MDEmcGF5X3VybD1hSFIwY0RvdkwyOTJaWEpoYkd3dWEyVm1kWEJoZVM1amJpOWhibDl3WVhrdlkyOXVjM1Z0WlM1aFkzUnBiMjRfYjNKa1pYSmZibTg5WVc0eU1ERTRNREV6TURJek16a3dNelUyTmpjNE1ESXdOalE0T1RBJnRyYW5zX2lkPTIwMTgwMTMwMDEwMTA2MzkmdXJsX3R5cGU9MQ","signature":"2E121BBC3E19007D"}

{"errorcode":"0000","errormessage":"OK","context":"YW1vdW50PTIwMCZhcHBfaWQ9MjAxODAxMzAyMzM5MTAmcGF5X3VybD1hSFIwY0RvdkwyOTJaWEpoYkd3dWEyVm1kWEJoZVM1amJpOWhibDl3WVhrdlkyOXVjM1Z0WlM1aFkzUnBiMjRfYjNKa1pYSmZibTg5WVc0eU1ERTRNREV6TURJek16a3hNalF5TXpRM01Ea3dOalE0T1RBJnRyYW5zX2lkPTIwMTgwMTMwMDEwMTA2NDAmdXJsX3R5cGU9MQ","signature":"C6952D922462D36C"}

{"errorcode":"3003","errormessage":"查询通道号失败"}

{"errorcode":"0000","errormessage":"OK","context":"YW1vdW50PTIwMCZhcHBfaWQ9MjAxODAxMzAyMzQxNDQmcGF5X3VybD1hSFIwY0RvdkwyOTJaWEpoYkd3dWEyVm1kWEJoZVM1amJpOWhibDl3WVhrdlkyOXVjM1Z0WlM1aFkzUnBiMjRfYjNKa1pYSmZibTg5WVc0eU1ERTRNREV6TURJek5ERTBOamN5TkRFNU1EZ3dOalE0T1RBJnRyYW5zX2lkPTIwMTgwMTMwMDEwMTA2NDEmdXJsX3R5cGU9MQ","signature":"528706D63D919EF5"}

{"errorcode":"0000","errormessage":"OK","context":"YW1vdW50PTIwMCZhcHBfaWQ9MjAxODAxMzAyMzQxNTAmcGF5X3VybD1hSFIwY0RvdkwyOTJaWEpoYkd3dWEyVm1kWEJoZVM1amJpOWhibDl3WVhrdlkyOXVjM1Z0WlM1aFkzUnBiMjRfYjNKa1pYSmZibTg5WVc0eU1ERTRNREV6TURJek5ERTFNak0xTWpZNE9EY3dOalE0T1RBJnRyYW5zX2lkPTIwMTgwMTMwMDEwMTA2NDImdXJsX3R5cGU9MQ","signature":"68BCC0317B27245E"}

{"errorcode":"0000","errormessage":"OK","context":"YW1vdW50PTEwJmFwcF9pZD0yMDE4MDEzMDIzNDI0NyZwYXlfdXJsPWFIUjBjRG92TDI5MlpYSmhiR3d1YTJWbWRYQmhlUzVqYmk5aGJsOXdZWGt2WTI5dWMzVnRaUzVoWTNScGIyNF9iM0prWlhKZmJtODlZVzR5TURFNE1ERXpNREl6TkRJME9UUTNNemsxTnpRd05qUTRPVEEmdHJhbnNfaWQ9MjAxODAxMzAwMTAxMDY0MyZ1cmxfdHlwZT0x","signature":"3E2095C73E1E380A"}

{"errorcode":"0000","errormessage":"OK","context":"YW1vdW50PTEwJmFwcF9pZD0yMDE4MDEzMTAwMDgwNCZwYXlfdXJsPWFIUjBjRG92TDI5MlpYSmhiR3d1YTJWbWRYQmhlUzVqYmk5aGJsOXdZWGt2WTI5dWMzVnRaUzVoWTNScGIyNF9iM0prWlhKZmJtODlZVzR5TURFNE1ERXpNVEF3TURnd05qVXhNRFkzTkRrd05qUTRPVEEmdHJhbnNfaWQ9MjAxODAxMzEwMTAxMDY0NyZ1cmxfdHlwZT0x","signature":"3B96641B3A546AD7"}

{"errorcode":"0000","errormessage":"OK","context":"YW1vdW50PTEwJmFwcF9pZD0yMDE4MDEzMTEzNDgwNiZwYXlfdXJsPWFIUjBjRG92TDI5MlpYSmhiR3d1YTJWbWRYQmhlUzVqYmk5aGJsOXdZWGt2WTI5dWMzVnRaUzVoWTNScGIyNF9iM0prWlhKZmJtODlZVzR5TURFNE1ERXpNVEV6TkRnd09USTBNemsyTnpNd05qUTRPVEEmdHJhbnNfaWQ9MjAxODAxMzEwMTAxMDY5NCZ1cmxfdHlwZT0x","signature":"28E71F3C3022C9F7"}

{"errorcode":"3008","errormessage":"支付方式错误"}

