{"errorcode":"0000","errormessage":"OK","context":"YW1vdW50PTImYXBwX2lkPTIwMTgwMTI5MjI1NjA5JnBheV91cmw9YUhSMGNITTZMeTkzZDNjdWVXVmxjR0Y1TG1OdmJTOWhjSEF0YldWeVkyaGhiblF0Y0hKdmVIa3ZibTlrWlQ5b2JXRmpQVE0wTmpnMFptUTNNVFl6TlRCaE5HRTNNV0k0WVRJMU0yUTNOemMyT1dVNEpuQXdYME50WkQxQ2RYa21jREZmVFdWeVNXUTlNVEF3TVRjM01qSTROREVtY0RKZlQzSmtaWEk5TWpBeE9EQXhNamt3TVRBeE1ESTFPU1p3TTE5QmJYUTlNQzR3TWlad05GOURkWEk5UTA1WkpuQTRYMVZ5YkQxb2RIUndPaTh2ZDNkM0xtaGxiR3h2TG1OdmJXMHZjM1ZqWTJWemN5NW9kRzBtY0dKZlUyVnlkbVZ5VG05MGFXWjVWWEpzUFdoMGRIQTZMeTkzZDNjdWVXbDBhV0Z1YldGdkxtTnZiUzlqWjJrdFltbHVMM2xpWDJkaGRHVjNZWGxmYm05MGFXWjVMbU5uYVNad2NsOU9aV1ZrVW1WemNHOXVjMlU5TVEmdHJhbnNfaWQ9MjAxODAxMjkwMTAxMDI1OQ","signature":"DA9E69EED0DD5F74"}

{"errorcode":"0000","errormessage":"OK","context":"YW1vdW50PTImYXBwX2lkPTIwMTgwMTI5MjI1NjI0JnBheV91cmw9YUhSMGNITTZMeTkzZDNjdWVXVmxjR0Y1TG1OdmJTOWhjSEF0YldWeVkyaGhiblF0Y0hKdmVIa3ZibTlrWlQ5b2JXRmpQVGszWkRnM05EWXhZamsxT0dObFptTmtNbVJqTmpCaVkyVmhOamRtTmpnM0puQXdYME50WkQxQ2RYa21jREZmVFdWeVNXUTlNVEF3TVRjM01qSTROREVtY0RKZlQzSmtaWEk5TWpBeE9EQXhNamt3TVRBeE1ESTJNQ1p3TTE5QmJYUTlNQzR3TWlad05GOURkWEk5UTA1WkpuQTRYMVZ5YkQxb2RIUndPaTh2ZDNkM0xtaGxiR3h2TG1OdmJXMHZjM1ZqWTJWemN5NW9kRzBtY0dKZlUyVnlkbVZ5VG05MGFXWjVWWEpzUFdoMGRIQTZMeTkzZDNjdWVXbDBhV0Z1YldGdkxtTnZiUzlqWjJrdFltbHVMM2xpWDJkaGRHVjNZWGxmYm05MGFXWjVMbU5uYVNad2NsOU9aV1ZrVW1WemNHOXVjMlU5TVEmdHJhbnNfaWQ9MjAxODAxMjkwMTAxMDI2MA","signature":"E2A2DC984645D279"}

{"errorcode":"3003","errormessage":"查询通道号失败"}

{"errorcode":"3329","errormessage":"签名验证不通过"}

{"errorcode":"0000","errormessage":"OK","context":"YW1vdW50PTImYXBwX2lkPTIwMTgwMTI5MjMwMDU1JnBheV91cmw9YUhSMGNITTZMeTkzZDNjdWVXVmxjR0Y1TG1OdmJTOWhjSEF0YldWeVkyaGhiblF0Y0hKdmVIa3ZibTlrWlQ5b2JXRmpQV1F4WkRreU0yWTNNREF5Wm1VM016UTJOelppWWpsaVkySXhNekl5TkRWbUpuQXdYME50WkQxQ2RYa21jREZmVFdWeVNXUTlNVEF3TVRjM01qSTROREVtY0RKZlQzSmtaWEk5TWpBeE9EQXhNamt3TVRBeE1ESTJNeVp3TTE5QmJYUTlNQzR3TWlad05GOURkWEk5UTA1WkpuQTRYMVZ5YkQxb2RIUndPaTh2ZDNkM0xtaGxiR3h2TG1OdmJXMHZjM1ZqWTJWemN5NW9kRzBtY0dKZlUyVnlkbVZ5VG05MGFXWjVWWEpzUFdoMGRIQTZMeTkzZDNjdWVXbDBhV0Z1YldGdkxtTnZiUzlqWjJrdFltbHVMM2xpWDJkaGRHVjNZWGxmYm05MGFXWjVMbU5uYVNad2NsOU9aV1ZrVW1WemNHOXVjMlU5TVEmdHJhbnNfaWQ9MjAxODAxMjkwMTAxMDI2Mw","signature":"1838BDCEFDAE45DA"}

{"errorcode":"3003","errormessage":"查询通道号失败"}

{"errorcode":"3326","errormessage":"渠道不支持此交易"}

{"errorcode":"3003","errormessage":"查询通道号失败"}

{"errorcode":"3003","errormessage":"查询通道号失败"}

{"errorcode":"3003","errormessage":"查询通道号失败"}

{"errorcode":"3003","errormessage":"查询通道号失败"}

{"errorcode":"3003","errormessage":"查询通道号失败"}

{"errorcode":"3003","errormessage":"查询通道号失败"}

{"errorcode":"3003","errormessage":"查询通道号失败"}

{"errorcode":"3003","errormessage":"查询通道号失败"}

{"errorcode":"3003","errormessage":"查询通道号失败"}

{"errorcode":"3003","errormessage":"查询通道号失败"}

{"errorcode":"3003","errormessage":"查询通道号失败"}

{"errorcode":"0000","errormessage":"OK","context":"YW1vdW50PTImYXBwX2lkPTIwMTgwMTMwMTIwNTM2JnBheV91cmw9YUhSMGNITTZMeTkzZDNjdWVXVmxjR0Y1TG1OdmJTOWhjSEF0YldWeVkyaGhiblF0Y0hKdmVIa3ZibTlrWlQ5b2JXRmpQVE5tTUdObE5qSmtZbUV5WXprNE5HUTNORGxrTlRreE5UWTBNRGsyTVRFMUpuQXdYME50WkQxQ2RYa21jREZmVFdWeVNXUTlNVEF3TVRjM01qSTROREVtY0RKZlQzSmtaWEk5TWpBeE9EQXhNekF3TVRBeE1EUXhNU1p3TTE5QmJYUTlNQzR3TWlad05GOURkWEk5UTA1WkpuQTRYMVZ5YkQxb2RIUndPaTh2ZDNkM0xtaGxiR3h2TG1OdmJXMHZjM1ZqWTJWemN5NW9kRzBtY0dKZlUyVnlkbVZ5VG05MGFXWjVWWEpzUFdoMGRIQTZMeTkzZDNjdWVXbDBhV0Z1YldGdkxtTnZiUzlqWjJrdFltbHVMM2xpWDJkaGRHVjNZWGxmYm05MGFXWjVMbU5uYVNad2NsOU9aV1ZrVW1WemNHOXVjMlU5TVEmdHJhbnNfaWQ9MjAxODAxMzAwMTAxMDQxMQ","signature":"23C72525F4D51B68"}

{"errorcode":"3326","errormessage":"渠道不支持此交易"}

{"errorcode":"3326","errormessage":"terminal_ip不能为空"}

{"errorcode":"3326","errormessage":"terminal_ip不能为空"}

{"errorcode":"3326","errormessage":"terminal_ip不能为空"}

{"errorcode":"3008","errormessage":"支付方式错误"}

{"errorcode":"0000","errormessage":"OK","context":"YW1vdW50PTIwMCZhcHBfaWQ9MjAxODAxMzAyMzMwNDcmcGF5X3VybD1hSFIwY0RvdkwyOTJaWEpoYkd3dWEyVm1kWEJoZVM1amJpOWhibDl3WVhrdlkyOXVjM1Z0WlM1aFkzUnBiMjRfYjNKa1pYSmZibTg5WVc0eU1ERTRNREV6TURJek16QTBPVFEyTlRVME9ESXdOalE0T1RBJnRyYW5zX2lkPTIwMTgwMTMwMDEwMTA2MzAmdXJsX3R5cGU9MQ","signature":"C607D3121DA5AFDE"}

{"errorcode":"0000","errormessage":"OK","context":"YW1vdW50PTIwMCZhcHBfaWQ9MjAxODAxMzAyMzMyNDMmcGF5X3VybD1hSFIwY0RvdkwyOTJaWEpoYkd3dWEyVm1kWEJoZVM1amJpOWhibDl3WVhrdlkyOXVjM1Z0WlM1aFkzUnBiMjRfYjNKa1pYSmZibTg5WVc0eU1ERTRNREV6TURJek16STBOVGc1T1RFM05EQXdOalE0T1RBJnRyYW5zX2lkPTIwMTgwMTMwMDEwMTA2MzEmdXJsX3R5cGU9MQ","signature":"287226B2813EB1F0"}

{"errorcode":"0000","errormessage":"OK","context":"YW1vdW50PTIwMCZhcHBfaWQ9MjAxODAxMzAyMzMzMDgmcGF5X3VybD1hSFIwY0RvdkwyOTJaWEpoYkd3dWEyVm1kWEJoZVM1amJpOWhibDl3WVhrdlkyOXVjM1Z0WlM1aFkzUnBiMjRfYjNKa1pYSmZibTg5WVc0eU1ERTRNREV6TURJek16TXhNRE0yTlRZNU56a3dOalE0T1RBJnRyYW5zX2lkPTIwMTgwMTMwMDEwMTA2MzImdXJsX3R5cGU9MQ","signature":"D7CD6E1A034777BA"}

{"errorcode":"0000","errormessage":"OK","context":"YW1vdW50PTIwMCZhcHBfaWQ9MjAxODAxMzAyMzM0MTgmcGF5X3VybD1hSFIwY0RvdkwyOTJaWEpoYkd3dWEyVm1kWEJoZVM1amJpOWhibDl3WVhrdlkyOXVjM1Z0WlM1aFkzUnBiMjRfYjNKa1pYSmZibTg5WVc0eU1ERTRNREV6TURJek16UXlNVEF5TXpneE56UXdOalE0T1RBJnRyYW5zX2lkPTIwMTgwMTMwMDEwMTA2MzMmdXJsX3R5cGU9MQ","signature":"EFF6B3949D72D54D"}

{"errorcode":"0000","errormessage":"OK","context":"YW1vdW50PTIwMCZhcHBfaWQ9MjAxODAxMzAyMzM3MTYmcGF5X3VybD1hSFIwY0RvdkwyOTJaWEpoYkd3dWEyVm1kWEJoZVM1amJpOWhibDl3WVhrdlkyOXVjM1Z0WlM1aFkzUnBiMjRfYjNKa1pYSmZibTg5WVc0eU1ERTRNREV6TURJek16Y3hPRGd3TWpZMU1EVXdOalE0T1RBJnRyYW5zX2lkPTIwMTgwMTMwMDEwMTA2MzUmdXJsX3R5cGU9MQ","signature":"3A5BEDBAA593D545"}

{"errorcode":"0000","errormessage":"OK","context":"YW1vdW50PTIwMCZhcHBfaWQ9MjAxODAxMzAyMzM3MjEmcGF5X3VybD1hSFIwY0RvdkwyOTJaWEpoYkd3dWEyVm1kWEJoZVM1amJpOWhibDl3WVhrdlkyOXVjM1Z0WlM1aFkzUnBiMjRfYjNKa1pYSmZibTg5WVc0eU1ERTRNREV6TURJek16Y3lNek01TkRZNU9UQXdOalE0T1RBJnRyYW5zX2lkPTIwMTgwMTMwMDEwMTA2MzYmdXJsX3R5cGU9MQ","signature":"73BFA761A4346655"}

{"errorcode":"0000","errormessage":"OK","context":"YW1vdW50PTIwMCZhcHBfaWQ9MjAxODAxMzAyMzM4MzMmcGF5X3VybD1hSFIwY0RvdkwyOTJaWEpoYkd3dWEyVm1kWEJoZVM1amJpOWhibDl3WVhrdlkyOXVjM1Z0WlM1aFkzUnBiMjRfYjNKa1pYSmZibTg5WVc0eU1ERTRNREV6TURJek16Z3pOVFV6TURjek5URXdOalE0T1RBJnRyYW5zX2lkPTIwMTgwMTMwMDEwMTA2MzcmdXJsX3R5cGU9MQ","signature":"E02B90E1944B6F89"}

{"errorcode":"0000","errormessage":"OK","context":"YW1vdW50PTIwMCZhcHBfaWQ9MjAxODAxMzAyMzM4NDkmcGF5X3VybD1hSFIwY0RvdkwyOTJaWEpoYkd3dWEyVm1kWEJoZVM1amJpOWhibDl3WVhrdlkyOXVjM1Z0WlM1aFkzUnBiMjRfYjNKa1pYSmZibTg5WVc0eU1ERTRNREV6TURJek16ZzFNVFU0T0RBeU9EZ3dOalE0T1RBJnRyYW5zX2lkPTIwMTgwMTMwMDEwMTA2MzgmdXJsX3R5cGU9MQ","signature":"26B87CC9BC10563A"}

{"errorcode":"0000","errormessage":"OK","context":"YW1vdW50PTIwMCZhcHBfaWQ9MjAxODAxMzAyMzM5MDEmcGF5X3VybD1hSFIwY0RvdkwyOTJaWEpoYkd3dWEyVm1kWEJoZVM1amJpOWhibDl3WVhrdlkyOXVjM1Z0WlM1aFkzUnBiMjRfYjNKa1pYSmZibTg5WVc0eU1ERTRNREV6TURJek16a3dNelUyTmpjNE1ESXdOalE0T1RBJnRyYW5zX2lkPTIwMTgwMTMwMDEwMTA2MzkmdXJsX3R5cGU9MQ","signature":"2E121BBC3E19007D"}

{"errorcode":"0000","errormessage":"OK","context":"YW1vdW50PTIwMCZhcHBfaWQ9MjAxODAxMzAyMzM5MTAmcGF5X3VybD1hSFIwY0RvdkwyOTJaWEpoYkd3dWEyVm1kWEJoZVM1amJpOWhibDl3WVhrdlkyOXVjM1Z0WlM1aFkzUnBiMjRfYjNKa1pYSmZibTg5WVc0eU1ERTRNREV6TURJek16a3hNalF5TXpRM01Ea3dOalE0T1RBJnRyYW5zX2lkPTIwMTgwMTMwMDEwMTA2NDAmdXJsX3R5cGU9MQ","signature":"C6952D922462D36C"}

{"errorcode":"3003","errormessage":"查询通道号失败"}

{"errorcode":"0000","errormessage":"OK","context":"YW1vdW50PTIwMCZhcHBfaWQ9MjAxODAxMzAyMzQxNDQmcGF5X3VybD1hSFIwY0RvdkwyOTJaWEpoYkd3dWEyVm1kWEJoZVM1amJpOWhibDl3WVhrdlkyOXVjM1Z0WlM1aFkzUnBiMjRfYjNKa1pYSmZibTg5WVc0eU1ERTRNREV6TURJek5ERTBOamN5TkRFNU1EZ3dOalE0T1RBJnRyYW5zX2lkPTIwMTgwMTMwMDEwMTA2NDEmdXJsX3R5cGU9MQ","signature":"528706D63D919EF5"}

{"errorcode":"0000","errormessage":"OK","context":"YW1vdW50PTIwMCZhcHBfaWQ9MjAxODAxMzAyMzQxNTAmcGF5X3VybD1hSFIwY0RvdkwyOTJaWEpoYkd3dWEyVm1kWEJoZVM1amJpOWhibDl3WVhrdlkyOXVjM1Z0WlM1aFkzUnBiMjRfYjNKa1pYSmZibTg5WVc0eU1ERTRNREV6TURJek5ERTFNak0xTWpZNE9EY3dOalE0T1RBJnRyYW5zX2lkPTIwMTgwMTMwMDEwMTA2NDImdXJsX3R5cGU9MQ","signature":"68BCC0317B27245E"}

{"errorcode":"0000","errormessage":"OK","context":"YW1vdW50PTEwJmFwcF9pZD0yMDE4MDEzMDIzNDI0NyZwYXlfdXJsPWFIUjBjRG92TDI5MlpYSmhiR3d1YTJWbWRYQmhlUzVqYmk5aGJsOXdZWGt2WTI5dWMzVnRaUzVoWTNScGIyNF9iM0prWlhKZmJtODlZVzR5TURFNE1ERXpNREl6TkRJME9UUTNNemsxTnpRd05qUTRPVEEmdHJhbnNfaWQ9MjAxODAxMzAwMTAxMDY0MyZ1cmxfdHlwZT0x","signature":"3E2095C73E1E380A"}

{"errorcode":"0000","errormessage":"OK","context":"YW1vdW50PTEwJmFwcF9pZD0yMDE4MDEzMDIzNTUyNCZwYXlfdXJsPWFIUjBjRG92TDI5MlpYSmhiR3d1YTJWbWRYQmhlUzVqYmk5aGJsOXdZWGt2WTI5dWMzVnRaUzVoWTNScGIyNF9iM0prWlhKZmJtODlZVzR5TURFNE1ERXpNREl6TlRVeU5qazRNall3TlRjd05qUTRPVEEmdHJhbnNfaWQ9MjAxODAxMzAwMTAxMDY0NCZ1cmxfdHlwZT0x","signature":"45840145DACCAB2D"}

{"errorcode":"0000","errormessage":"OK","context":"YW1vdW50PTEwMDAmYXBwX2lkPTIwMTgwMTMwMjM1NTQ1NzA3MTQmcGF5X3VybD1hSFIwY0RvdkwyOTJaWEpoYkd3dWEyVm1kWEJoZVM1amJpOWhibDl3WVhrdlkyOXVjM1Z0WlM1aFkzUnBiMjRfYjNKa1pYSmZibTg5WVc0eU1ERTRNREV6TURJek5UYzBOelkwTlRJMk5UY3dOalE0T1RBJnRyYW5zX2lkPTIwMTgwMTMwMDEwMTA2NDUmdXJsX3R5cGU9MQ","signature":"20A6A260633DE918"}

{"errorcode":"3329","errormessage":"签名验证不通过"}

{"errorcode":"0000","errormessage":"OK","context":"YW1vdW50PTEwMDAmYXBwX2lkPTIwMTgwMTMwMjM1ODMwNTY4NzgmcGF5X3VybD1hSFIwY0RvdkwyOTJaWEpoYkd3dWEyVm1kWEJoZVM1amJpOWhibDl3WVhrdlkyOXVjM1Z0WlM1aFkzUnBiMjRfYjNKa1pYSmZibTg5WVc0eU1ERTRNREV6TVRBd01ESTBPRFExTnprM056SXdOalE0T1RBJnRyYW5zX2lkPTIwMTgwMTMxMDEwMTA2NDYmdXJsX3R5cGU9MQ","signature":"0C7826ADD62E4E27"}

{"errorcode":"3329","errormessage":"签名验证不通过"}

{"errorcode":"3329","errormessage":"签名验证不通过"}

{"errorcode":"3329","errormessage":"签名验证不通过"}

{"errorcode":"3329","errormessage":"签名验证不通过"}

{"errorcode":"3329","errormessage":"签名验证不通过"}

{"errorcode":"3329","errormessage":"签名验证不通过"}

{"errorcode":"3329","errormessage":"签名验证不通过"}

{"errorcode":"3329","errormessage":"签名验证不通过"}

{"errorcode":"3329","errormessage":"签名验证不通过"}

{"errorcode":"3003","errormessage":"查询通道号失败"}

{"errorcode":"3329","errormessage":"签名验证不通过"}

{"errorcode":"3003","errormessage":"查询通道号失败"}

{"errorcode":"0000","errormessage":"OK","context":"YW1vdW50PTEwMDAmYXBwX2lkPTIwMTgwMTMxMTM1MDQwNjkzMDgmcGF5X3VybD1hSFIwY0RvdkwyOTJaWEpoYkd3dWEyVm1kWEJoZVM1amJpOWhibDl3WVhrdlkyOXVjM1Z0WlM1aFkzUnBiMjRfYjNKa1pYSmZibTg5WVc0eU1ERTRNREV6TVRFek5UQTBNamswTURJM056WXdOalE0T1RBJnRyYW5zX2lkPTIwMTgwMTMxMDIwMTQ2MjEmdXJsX3R5cGU9MQ","signature":"92943228AD6427D1"}

{"errorcode":"0000","errormessage":"OK","context":"YW1vdW50PTEwMDAmYXBwX2lkPTIwMTgwMTMxMTQwMzI0NzkyOTYmcGF5X3VybD1hSFIwY0RvdkwyOTJaWEpoYkd3dWEyVm1kWEJoZVM1amJpOWhibDl3WVhrdlkyOXVjM1Z0WlM1aFkzUnBiMjRfYjNKa1pYSmZibTg5WVc0eU1ERTRNREV6TVRFME1ETXlOamN4TXpneE9EQXdOalE0T1RBJnRyYW5zX2lkPTIwMTgwMTMxMDIwMTQ2MjImdXJsX3R5cGU9MQ","signature":"5D5353180ACED6A8"}

{"errorcode":"0000","errormessage":"OK","context":"YW1vdW50PTEwMDAmYXBwX2lkPTIwMTgwMTMxMTQwNTUxNTQxMzgmcGF5X3VybD1hSFIwY0RvdkwyOTJaWEpoYkd3dWEyVm1kWEJoZVM1amJpOWhibDl3WVhrdlkyOXVjM1Z0WlM1aFkzUnBiMjRfYjNKa1pYSmZibTg5WVc0eU1ERTRNREV6TVRFME1EVTFNemd6TVRZM016TXdOalE0T1RBJnRyYW5zX2lkPTIwMTgwMTMxMDIwMTQ2MjMmdXJsX3R5cGU9MQ","signature":"F389F98E639ED7E6"}

{"errorcode":"0000","errormessage":"OK","context":"YW1vdW50PTEwMDAmYXBwX2lkPTIwMTgwMTMxMTU1NTQzMjI1MjUmcGF5X3VybD1hSFIwY0RvdkwyOTJaWEpoYkd3dWEyVm1kWEJoZVM1amJpOWhibDl3WVhrdlkyOXVjM1Z0WlM1aFkzUnBiMjRfYjNKa1pYSmZibTg5WVc0eU1ERTRNREV6TVRFMU5UVTBOak15TWpreU1qRXdOalE0T1RBJnRyYW5zX2lkPTIwMTgwMTMxMDIwMTQ2MjQmdXJsX3R5cGU9MQ","signature":"3759E1BD0F23C74B"}

{"errorcode":"0000","errormessage":"OK","context":"YW1vdW50PTEwMDAmYXBwX2lkPTIwMTgwMTMxMTU1NjA3NjQzODUmcGF5X3VybD1hSFIwY0RvdkwyOTJaWEpoYkd3dWEyVm1kWEJoZVM1amJpOWhibDl3WVhrdlkyOXVjM1Z0WlM1aFkzUnBiMjRfYjNKa1pYSmZibTg5WVc0eU1ERTRNREV6TVRFMU5UWXhNREU0TmpFeU1qSXdOalE0T1RBJnRyYW5zX2lkPTIwMTgwMTMxMDIwMTQ2MjUmdXJsX3R5cGU9MQ","signature":"73CFFCCA3EE68AFD"}

{"errorcode":"0000","errormessage":"OK","context":"YW1vdW50PTEwMDAmYXBwX2lkPTIwMTgwMTMxMTU1NjIxOTQ4NDkmcGF5X3VybD1hSFIwY0RvdkwyOTJaWEpoYkd3dWEyVm1kWEJoZVM1amJpOWhibDl3WVhrdlkyOXVjM1Z0WlM1aFkzUnBiMjRfYjNKa1pYSmZibTg5WVc0eU1ERTRNREV6TVRFMU5UWXlNekkwTURZMU1qRXdOalE0T1RBJnRyYW5zX2lkPTIwMTgwMTMxMDIwMTQ2MjYmdXJsX3R5cGU9MQ","signature":"DAD4815149925E14"}

{"errorcode":"0000","errormessage":"OK","context":"YW1vdW50PTEwMDAmYXBwX2lkPTIwMTgwMTMxMTU1NzI3Nzc2NTAmcGF5X3VybD1hSFIwY0RvdkwyOTJaWEpoYkd3dWEyVm1kWEJoZVM1amJpOWhibDl3WVhrdlkyOXVjM1Z0WlM1aFkzUnBiMjRfYjNKa1pYSmZibTg5WVc0eU1ERTRNREV6TVRFMU5UY3pNREkwTmpjNU1EZ3dOalE0T1RBJnRyYW5zX2lkPTIwMTgwMTMxMDIwMTQ2MjcmdXJsX3R5cGU9MQ","signature":"7EE957CF367AB833"}

{"errorcode":"0000","errormessage":"OK","context":"YW1vdW50PTEwMDAmYXBwX2lkPTIwMTgwMTMxMTYwMDI1NDA0NzImcGF5X3VybD1hSFIwY0RvdkwyOTJaWEpoYkd3dWEyVm1kWEJoZVM1amJpOWhibDl3WVhrdlkyOXVjM1Z0WlM1aFkzUnBiMjRfYjNKa1pYSmZibTg5WVc0eU1ERTRNREV6TVRFMk1EQXlOemt5T0RVMU56TXdOalE0T1RBJnRyYW5zX2lkPTIwMTgwMTMxMDIwMTQ2MjgmdXJsX3R5cGU9MQ","signature":"83DBD43C30516B04"}

{"errorcode":"0000","errormessage":"OK","context":"YW1vdW50PTEwMDAmYXBwX2lkPTIwMTgwMTMxMTYxMTE0MzQ0NTgmcGF5X3VybD1hSFIwY0RvdkwyOTJaWEpoYkd3dWEyVm1kWEJoZVM1amJpOWhibDl3WVhrdlkyOXVjM1Z0WlM1aFkzUnBiMjRfYjNKa1pYSmZibTg5WVc0eU1ERTRNREV6TVRFMk1URXhOams0TWpFME16Y3dOalE0T1RBJnRyYW5zX2lkPTIwMTgwMTMxMDIwMTQ2MjkmdXJsX3R5cGU9MQ","signature":"311B4E4DF1BA92B0"}

{"errorcode":"0000","errormessage":"OK","context":"YW1vdW50PTEwMDAmYXBwX2lkPTIwMTgwMTMxMTYxMjQ2ODc2MDcmcGF5X3VybD1hSFIwY0RvdkwyOTJaWEpoYkd3dWEyVm1kWEJoZVM1amJpOWhibDl3WVhrdlkyOXVjM1Z0WlM1aFkzUnBiMjRfYjNKa1pYSmZibTg5WVc0eU1ERTRNREV6TVRFMk1USTBPVGcwTnpVd016UXdOalE0T1RBJnRyYW5zX2lkPTIwMTgwMTMxMDIwMTQ2MzAmdXJsX3R5cGU9MQ","signature":"6E76F61BDEB8A779"}

{"errorcode":"0000","errormessage":"OK","context":"YW1vdW50PTEwMDAmYXBwX2lkPTIwMTgwMTMxMTYzNjIzOTU1NjUmcGF5X3VybD1hSFIwY0RvdkwyOTJaWEpoYkd3dWEyVm1kWEJoZVM1amJpOWhibDl3WVhrdlkyOXVjM1Z0WlM1aFkzUnBiMjRfYjNKa1pYSmZibTg5WVc0eU1ERTRNREV6TVRFMk16WXlOVFkzTlRrd09UQXdOalE0T1RBJnRyYW5zX2lkPTIwMTgwMTMxMDIwMTQ2MzEmdXJsX3R5cGU9MQ","signature":"DE5638BDE85E1574"}

{"errorcode":"0000","errormessage":"OK","context":"YW1vdW50PTEwMDAmYXBwX2lkPTIwMTgwMTMxMTYzODEzOTAxMDAmcGF5X3VybD1hSFIwY0RvdkwyOTJaWEpoYkd3dWEyVm1kWEJoZVM1amJpOWhibDl3WVhrdlkyOXVjM1Z0WlM1aFkzUnBiMjRfYjNKa1pYSmZibTg5WVc0eU1ERTRNREV6TVRFMk16Z3hOVE0zTWpjNU1qTXdOalE0T1RBJnRyYW5zX2lkPTIwMTgwMTMxMDIwMTQ2MzImdXJsX3R5cGU9MQ","signature":"D8B87467E4FBC95B"}

{"errorcode":"0000","errormessage":"OK","context":"YW1vdW50PTEwMDAmYXBwX2lkPTIwMTgwMTMxMTYzODQxNzEzNjEmcGF5X3VybD1hSFIwY0RvdkwyOTJaWEpoYkd3dWEyVm1kWEJoZVM1amJpOWhibDl3WVhrdlkyOXVjM1Z0WlM1aFkzUnBiMjRfYjNKa1pYSmZibTg5WVc0eU1ERTRNREV6TVRFMk16ZzBNemt5TVRBek1qTXdOalE0T1RBJnRyYW5zX2lkPTIwMTgwMTMxMDIwMTQ2MzMmdXJsX3R5cGU9MQ","signature":"6CF75F58D90EBF4C"}

{"errorcode":"0000","errormessage":"OK","context":"YW1vdW50PTEwMDAmYXBwX2lkPTIwMTgwMTMxMTYzOTMzMzE3NjgmcGF5X3VybD1hSFIwY0RvdkwyOTJaWEpoYkd3dWEyVm1kWEJoZVM1amJpOWhibDl3WVhrdlkyOXVjM1Z0WlM1aFkzUnBiMjRfYjNKa1pYSmZibTg5WVc0eU1ERTRNREV6TVRFMk16a3pOVE01TWpnNU9URXdOalE0T1RBJnRyYW5zX2lkPTIwMTgwMTMxMDIwMTQ2MzQmdXJsX3R5cGU9MQ","signature":"2DBC4AD49B67604C"}

{"errorcode":"0000","errormessage":"OK","context":"YW1vdW50PTEwMDAmYXBwX2lkPTIwMTgwMTMxMTY0MTAxMTU1NTMmcGF5X3VybD1hSFIwY0RvdkwyOTJaWEpoYkd3dWEyVm1kWEJoZVM1amJpOWhibDl3WVhrdlkyOXVjM1Z0WlM1aFkzUnBiMjRfYjNKa1pYSmZibTg5WVc0eU1ERTRNREV6TVRFMk5ERXdORE0zTVRJME5EVXdOalE0T1RBJnRyYW5zX2lkPTIwMTgwMTMxMDIwMTQ2MzUmdXJsX3R5cGU9MQ","signature":"33574944B1E2F54C"}

{"errorcode":"0000","errormessage":"OK","context":"YW1vdW50PTEwMDAmYXBwX2lkPTIwMTgwMTMxMTY0MTE4ODQzNjUmcGF5X3VybD1hSFIwY0RvdkwyOTJaWEpoYkd3dWEyVm1kWEJoZVM1amJpOWhibDl3WVhrdlkyOXVjM1Z0WlM1aFkzUnBiMjRfYjNKa1pYSmZibTg5WVc0eU1ERTRNREV6TVRFMk5ERXlNRFEyTkRneU9URXdOalE0T1RBJnRyYW5zX2lkPTIwMTgwMTMxMDIwMTQ2MzYmdXJsX3R5cGU9MQ","signature":"FB4702A01FF8034B"}

{"errorcode":"0000","errormessage":"OK","context":"YW1vdW50PTEwMDAmYXBwX2lkPTIwMTgwMTMxMTcwNjIxOTQyMjMmcGF5X3VybD1hSFIwY0RvdkwyOTJaWEpoYkd3dWEyVm1kWEJoZVM1amJpOWhibDl3WVhrdlkyOXVjM1Z0WlM1aFkzUnBiMjRfYjNKa1pYSmZibTg5WVc0eU1ERTRNREV6TVRFM01EWXlORFV4TURreE1UZ3dOalE0T1RBJnRyYW5zX2lkPTIwMTgwMTMxMDIwMTQ2MzcmdXJsX3R5cGU9MQ","signature":"CF59184802416DCD"}

{"errorcode":"0000","errormessage":"OK","context":"YW1vdW50PTEwMDAmYXBwX2lkPTIwMTgwMTMxMTcwNjQ1NzcwMzQmcGF5X3VybD1hSFIwY0RvdkwyOTJaWEpoYkd3dWEyVm1kWEJoZVM1amJpOWhibDl3WVhrdlkyOXVjM1Z0WlM1aFkzUnBiMjRfYjNKa1pYSmZibTg5WVc0eU1ERTRNREV6TVRFM01EWTBOekkyTVRRek1UTXdOalE0T1RBJnRyYW5zX2lkPTIwMTgwMTMxMDIwMTQ2MzgmdXJsX3R5cGU9MQ","signature":"35E78D702821829C"}

{"errorcode":"0000","errormessage":"OK","context":"YW1vdW50PTEwMDAmYXBwX2lkPTIwMTgwMTMxMTc1MDM1NzM3MDMmcGF5X3VybD1hSFIwY0RvdkwyOTJaWEpoYkd3dWEyVm1kWEJoZVM1amJpOWhibDl3WVhrdlkyOXVjM1Z0WlM1aFkzUnBiMjRfYjNKa1pYSmZibTg5WVc0eU1ERTRNREV6TVRFM05UQXpPVE01TXpZek16QXdOalE0T1RBJnRyYW5zX2lkPTIwMTgwMTMxMDIwMTQ2MzkmdXJsX3R5cGU9MQ","signature":"D060059261D3EB98"}

{"errorcode":"0000","errormessage":"OK","context":"YW1vdW50PTEwMDAmYXBwX2lkPTIwMTgwMTMxMTkzMTQ4ODc2NzgmcGF5X3VybD1hSFIwY0RvdkwyOTJaWEpoYkd3dWEyVm1kWEJoZVM1amJpOWhibDl3WVhrdlkyOXVjM1Z0WlM1aFkzUnBiMjRfYjNKa1pYSmZibTg5WVc0eU1ERTRNREV6TVRFNU16RTFNRGs0T1RNek9EY3dOalE0T1RBJnRyYW5zX2lkPTIwMTgwMTMxMDIwMTQ2NDAmdXJsX3R5cGU9MQ","signature":"E00FF48EB3523EC9"}

{"errorcode":"0000","errormessage":"OK","context":"YW1vdW50PTEwMDAmYXBwX2lkPTIwMTgwMTMxMTkzMjQ0NDY0NzEmcGF5X3VybD1hSFIwY0RvdkwyOTJaWEpoYkd3dWEyVm1kWEJoZVM1amJpOWhibDl3WVhrdlkyOXVjM1Z0WlM1aFkzUnBiMjRfYjNKa1pYSmZibTg5WVc0eU1ERTRNREV6TVRFNU16STBOekkyTURNMk56UXdOalE0T1RBJnRyYW5zX2lkPTIwMTgwMTMxMDIwMTQ2NDEmdXJsX3R5cGU9MQ","signature":"9D589AE5AB1ED52E"}

{"errorcode":"0000","errormessage":"OK","context":"YW1vdW50PTEwMDAmYXBwX2lkPTIwMTgwMjAxMTAwMzA1MjMwNjUmcGF5X3VybD1hSFIwY0RvdkwyOTJaWEpoYkd3dWEyVm1kWEJoZVM1amJpOWhibDl3WVhrdlkyOXVjM1Z0WlM1aFkzUnBiMjRfYjNKa1pYSmZibTg5WVc0eU1ERTRNREl3TVRFd01ETXdPRFExTmpFNE5qTXdOalE0T1RBJnRyYW5zX2lkPTIwMTgwMjAxMDIwMTQ2NTAmdXJsX3R5cGU9MQ","signature":"98DD8CBE1E3CA93B"}

